2025-11-16 17:27:29,545 INFO: Voting System startup [in D:\College Assignments\TYIT\Project-Code\app.py:30]
2025-11-16 17:27:30,066 INFO: Database tables created successfully [in D:\College Assignments\TYIT\Project-Code\app.py:949]
2025-11-16 17:27:30,270 INFO: Default admin account created [in D:\College Assignments\TYIT\Project-Code\app.py:960]
2025-11-16 17:27:30,459 INFO: Root admin account created [in D:\College Assignments\TYIT\Project-Code\app.py:971]
2025-11-16 17:27:31,141 INFO: Voting System startup [in D:\College Assignments\TYIT\Project-Code\app.py:30]
2025-11-16 17:27:31,177 INFO: Database tables created successfully [in D:\College Assignments\TYIT\Project-Code\app.py:949]
2025-11-16 17:27:39,545 INFO: Voting System startup [in D:\College Assignments\TYIT\Project-Code\app.py:30]
2025-11-16 17:27:39,581 INFO: Database tables created successfully [in D:\College Assignments\TYIT\Project-Code\app.py:949]
2025-11-16 17:27:40,264 INFO: Voting System startup [in D:\College Assignments\TYIT\Project-Code\app.py:30]
2025-11-16 17:27:40,299 INFO: Database tables created successfully [in D:\College Assignments\TYIT\Project-Code\app.py:949]
2025-11-16 17:28:08,259 WARNING: Failed admin login attempt: admin [in D:\College Assignments\TYIT\Project-Code\app.py:240]
2025-11-16 17:28:10,572 WARNING: Failed admin login attempt: admin [in D:\College Assignments\TYIT\Project-Code\app.py:240]
2025-11-16 17:36:59,138 INFO: Voting System startup [in D:\College Assignments\TYIT\Project-Code\app.py:30]
2025-11-16 17:36:59,174 INFO: Database tables created successfully [in D:\College Assignments\TYIT\Project-Code\app.py:949]
2025-11-16 17:36:59,867 INFO: Voting System startup [in D:\College Assignments\TYIT\Project-Code\app.py:30]
2025-11-16 17:36:59,901 INFO: Database tables created successfully [in D:\College Assignments\TYIT\Project-Code\app.py:949]
2025-11-16 17:38:10,189 WARNING: Failed admin login attempt: admin [in D:\College Assignments\TYIT\Project-Code\app.py:240]
2025-11-16 17:38:19,117 INFO: Admin login successful: root [in D:\College Assignments\TYIT\Project-Code\app.py:238]
2025-11-17 22:21:21,430 INFO: Voting System startup [in D:\College Assignments\TYIT\Project-Code\app.py:30]
2025-11-17 22:21:21,500 INFO: Database tables created successfully [in D:\College Assignments\TYIT\Project-Code\app.py:949]
2025-11-17 22:21:22,175 INFO: Voting System startup [in D:\College Assignments\TYIT\Project-Code\app.py:30]
2025-11-17 22:21:22,210 INFO: Database tables created successfully [in D:\College Assignments\TYIT\Project-Code\app.py:949]
2025-11-17 22:22:23,984 WARNING: Failed admin login attempt: ppatki [in D:\College Assignments\TYIT\Project-Code\app.py:240]
2025-11-17 22:22:26,497 WARNING: Failed admin login attempt: admin [in D:\College Assignments\TYIT\Project-Code\app.py:240]
2025-11-17 22:22:35,246 WARNING: Failed admin login attempt: admin [in D:\College Assignments\TYIT\Project-Code\app.py:240]
2025-11-17 22:22:52,423 INFO: Admin login successful: admin [in D:\College Assignments\TYIT\Project-Code\app.py:238]
